\BOOKMARK [1][-]{section.1}{\376\377\000I\000n\000t\000r\000o\000d\000u\000c\000t\000i\000o\000n}{}% 1
\BOOKMARK [1][-]{section.2}{\376\377\000M\000o\000d\000e\000l}{}% 2
\BOOKMARK [2][-]{subsection.2.1}{\376\377\000H\000o\000u\000s\000e\000h\000o\000l\000d\000s}{section.2}% 3
\BOOKMARK [2][-]{subsection.2.2}{\376\377\000P\000r\000o\000d\000u\000c\000t\000i\000o\000n}{section.2}% 4
\BOOKMARK [2][-]{subsection.2.3}{\376\377\000P\000u\000b\000l\000i\000c\000\040\000p\000o\000l\000i\000c\000y\000\040\000p\000r\000e\000f\000e\000r\000e\000n\000c\000e\000s}{section.2}% 5
\BOOKMARK [2][-]{subsection.2.4}{\376\377\000W\000a\000g\000e\000\040\000b\000a\000r\000g\000a\000i\000n\000i\000n\000g}{section.2}% 6
\BOOKMARK [2][-]{subsection.2.5}{\376\377\000E\000q\000u\000i\000l\000i\000b\000r\000i\000u\000m}{section.2}% 7
\BOOKMARK [1][-]{section.3}{\376\377\000Q\000u\000a\000n\000t\000i\000t\000a\000t\000i\000v\000e\000\040\000a\000n\000a\000l\000y\000s\000i\000s}{}% 8
\BOOKMARK [2][-]{subsection.3.1}{\376\377\000C\000a\000l\000i\000b\000r\000a\000t\000i\000o\000n}{section.3}% 9
\BOOKMARK [2][-]{subsection.3.2}{\376\377\000M\000o\000d\000e\000l\000\040\000p\000r\000e\000d\000i\000c\000t\000i\000o\000n\000s\000\040\000o\000v\000e\000r\000\040\000t\000h\000e\000\040\000p\000e\000r\000i\000o\000d\000\040\0001\0009\0007\0000\000-\0002\0000\0001\0000}{section.3}% 10
\BOOKMARK [2][-]{subsection.3.3}{\376\377\000M\000o\000d\000e\000l\000\040\000p\000r\000e\000d\000i\000c\000t\000i\000o\000n\000s\000\040\000o\000v\000e\000r\000\040\000t\000h\000e\000\040\000p\000e\000r\000i\000o\000d\000\040\0002\0000\0001\0000\000-\0002\0000\0008\0000}{section.3}% 11
\BOOKMARK [2][-]{subsection.3.4}{\376\377\000C\000o\000u\000n\000t\000e\000r\000f\000a\000c\000t\000u\000a\000l\000\040\000a\000n\000d\000\040\000a\000g\000i\000n\000g\000\040\000e\000f\000f\000e\000c\000t\000\040\000d\000e\000c\000o\000m\000p\000o\000s\000i\000t\000i\000o\000n}{section.3}% 12
\BOOKMARK [2][-]{subsection.3.5}{\376\377\000S\000u\000r\000v\000i\000v\000a\000l\000\040\000r\000a\000t\000e\000\040\000a\000n\000d\000\040\000p\000o\000p\000u\000l\000a\000t\000i\000o\000n\000\040\000g\000r\000o\000w\000t\000h\000\040\000e\000f\000f\000e\000c\000t\000s}{section.3}% 13
\BOOKMARK [2][-]{subsection.3.6}{\376\377\000D\000i\000r\000e\000c\000t\000\040\000a\000n\000d\000\040\000i\000n\000d\000i\000r\000e\000c\000t\000\040\000c\000o\000h\000o\000r\000t\000\040\000e\000f\000f\000e\000c\000t\000s}{section.3}% 14
\BOOKMARK [2][-]{subsection.3.7}{\376\377\000S\000u\000m\000m\000a\000r\000y}{section.3}% 15
\BOOKMARK [1][-]{section.4}{\376\377\000D\000i\000s\000c\000u\000s\000s\000i\000o\000n}{}% 16
\BOOKMARK [2][-]{subsection.4.1}{\376\377\000A\000g\000e\000-\000r\000e\000l\000a\000t\000e\000d\000\040\000c\000o\000n\000f\000l\000i\000c\000t\000:\000\040\000w\000h\000o\000\040\000a\000r\000e\000\040\000t\000h\000e\000\040\000w\000i\000n\000n\000e\000r\000s\000\040\000?}{section.4}% 17
\BOOKMARK [2][-]{subsection.4.2}{\376\377\000R\000e\000t\000i\000r\000e\000m\000e\000n\000t\000\040\000a\000g\000e}{section.4}% 18
\BOOKMARK [1][-]{section.5}{\376\377\000C\000o\000n\000c\000l\000u\000s\000i\000o\000n}{}% 19
\BOOKMARK [1][-]{appendix.A}{\376\377\000U\000n\000i\000q\000u\000e\000n\000e\000s\000s\000\040\000o\000f\000\040\000t\000h\000e\000\040\000e\000q\000u\000i\000l\000i\000b\000r\000i\000u\000m}{}% 20
\BOOKMARK [2][-]{subsection.A.1}{\376\377\000U\000n\000d\000e\000r\000\040\000g\000r\000o\000s\000s\000-\000c\000o\000m\000p\000l\000e\000m\000e\000n\000t\000a\000r\000i\000t\000y\000,\000\040\000i\000.\000e\000.\000\040\000\134\000r\000h\000o\000\040\000<\000\040\0000}{appendix.A}% 21
\BOOKMARK [2][-]{subsection.A.2}{\376\377\000U\000n\000d\000e\000r\000\040\000g\000r\000o\000s\000s\000-\000s\000u\000b\000s\000t\000i\000t\000u\000a\000b\000i\000l\000i\000t\000y\000,\000\040\000i\000.\000e\000\040\0000\000\040\000<\000\040\000\134\000r\000h\000o\000\040\000<\000\040\0001}{appendix.A}% 22
\BOOKMARK [1][-]{appendix.B}{\376\377\000D\000e\000r\000i\000v\000a\000t\000i\000v\000e\000s}{}% 23
\BOOKMARK [2][-]{subsection.B.1}{\376\377\000T\000h\000e\000\040\000g\000\040\000f\000u\000n\000c\000t\000i\000o\000n\000'\000s\000\040\000d\000e\000r\000i\000v\000a\000t\000i\000v\000e\000s}{appendix.B}% 24
\BOOKMARK [2][-]{subsection.B.2}{\376\377\000T\000h\000e\000\040\000h\000\040\000f\000u\000n\000c\000t\000i\000o\000n\000'\000s\000\040\000d\000e\000r\000i\000v\000a\000t\000i\000v\000e\000s}{appendix.B}% 25
