\BOOKMARK [1][-]{section.1}{Introduction}{}% 1
\BOOKMARK [1][-]{section.2}{Theoretical Framework}{}% 2
\BOOKMARK [2][-]{subsection.2.1}{Households}{section.2}% 3
\BOOKMARK [2][-]{subsection.2.2}{Production}{section.2}% 4
\BOOKMARK [2][-]{subsection.2.3}{Public policy preferences}{section.2}% 5
\BOOKMARK [2][-]{subsection.2.4}{Wage bargaining}{section.2}% 6
\BOOKMARK [2][-]{subsection.2.5}{Equilibrium}{section.2}% 7
\BOOKMARK [1][-]{section.3}{Quantitative analysis}{}% 8
\BOOKMARK [2][-]{subsection.3.1}{Calibration}{section.3}% 9
\BOOKMARK [2][-]{subsection.3.2}{Model predictions over the period 1970-2010}{section.3}% 10
\BOOKMARK [2][-]{subsection.3.3}{Model predictions over the period 2010-2080}{section.3}% 11
\BOOKMARK [2][-]{subsection.3.4}{Counterfactual and aging effect decomposition}{section.3}% 12
\BOOKMARK [3][-]{subsubsection.3.4.1}{Survival rate and population growth effects}{subsection.3.4}% 13
\BOOKMARK [3][-]{subsubsection.3.4.2}{Direct and indirect cohort effects}{subsection.3.4}% 14
\BOOKMARK [3][-]{subsubsection.3.4.3}{Summary}{subsection.3.4}% 15
\BOOKMARK [1][-]{section.4}{Discussion}{}% 16
\BOOKMARK [2][-]{subsection.4.1}{Age-related conflict : who are the winners ?}{section.4}% 17
\BOOKMARK [2][-]{subsection.4.2}{Retirement age}{section.4}% 18
\BOOKMARK [1][-]{section.5}{Conclusion}{}% 19
\BOOKMARK [1][-]{section*.47}{Appendix A. Uniqueness of the equilibrium}{}% 20
\BOOKMARK [1][-]{section*.54}{Appendix B. Derivatives}{}% 21
\BOOKMARK [1][-]{section*.57}{Appendix C. Estimation of }{}% 22
\BOOKMARK [1][-]{section*.62}{Appendix D. Two \040regimes in France}{}% 23
